{
  "RSpec": {
    "coverage": {
      "/Users/nazir/Projects/makersbnb/app.rb": {
        "lines": [
          1,
          1,
          null,
          1,
          null,
          1,
          2,
          null,
          null,
          1,
          1,
          1,
          null,
          null,
          null,
          null,
          null,
          null,
          1,
          null
        ]
      },
      "/Users/nazir/Projects/makersbnb/spec/features/signup_page_spec.rb": {
        "lines": [
          1,
          null,
          1,
          1,
          1,
          1,
          null,
          null,
          1,
          1,
          1,
          1,
          1,
          1,
          1,
          1,
          null,
          1,
          1,
          null,
          1,
          1,
          1,
          1,
          1,
          null,
          null
        ]
      },
      "/Users/nazir/Projects/makersbnb/spec/unit/test_spec.rb": {
        "lines": [

        ]
      }
    },
    "timestamp": 1629135037
  }
}
